<?xml version="1.0" encoding="UTF-8"?>
<!-- Generated by org.testng.reporters.JUnitReportReporter -->
<testsuite skipped="0" hostname="CAD4-ECOMMER" name="TestClass.LoginTest" tests="6" failures="0" timestamp="2021-05-21T10:20:06 ICT" time="7.466" errors="0">
  <testcase name="LoginValidUsernamePassword" time="0.459" classname="TestClass.LoginTest"/>
  <system-out>
*** Running test method LoginValidUsernamePassword... *** Executed " + result.getMethod().getMethodName() + " test successfully...  </system-out>
  <testcase name="goToLoginPage" time="1.856" classname="TestClass.LoginTest"/>
  <system-out>
*** Running test method goToLoginPage... *** Executed " + result.getMethod().getMethodName() + " test successfully...  </system-out>
  <testcase name="LoginInvalidUsernameMin" time="1.217" classname="TestClass.LoginTest"/>
  <system-out>
*** Running test method LoginInvalidUsernameMin... *** Executed " + result.getMethod().getMethodName() + " test successfully...  </system-out>
  <testcase name="LoginInvalidUsernameMax" time="1.323" classname="TestClass.LoginTest"/>
  <system-out>
*** Running test method LoginInvalidUsernameMax... *** Executed " + result.getMethod().getMethodName() + " test successfully...  </system-out>
  <testcase name="LoginInvalidPasswordMin" time="1.188" classname="TestClass.LoginTest"/>
  <system-out>
*** Running test method LoginInvalidPasswordMin... *** Executed " + result.getMethod().getMethodName() + " test successfully...  </system-out>
  <testcase name="LoginInvalidPasswordMax" time="1.423" classname="TestClass.LoginTest"/>
  <system-out>
*** Running test method LoginInvalidPasswordMax... *** Executed " + result.getMethod().getMethodName() + " test successfully...  </system-out>
</testsuite> <!-- TestClass.LoginTest -->
